[7040:7352:0129/143140.478:WARNING:chrome_main_delegate.cc(745)] This is Chrome version 128.0.6613.138 (not a warning)
[7040:7352:0129/143140.545:ERROR:os_crypt_win.cc(100)] Failed to decrypt: Key not valid for use in specified state. (0x8009000B)
[7040:32188:0129/143140.585:ERROR:google_update_settings.cc(265)] Failed opening key Software\Chromium to set usagestats; result: 5
[7040:7352:0129/143140.613:WARNING:account_consistency_mode_manager.cc(77)] Desktop Identity Consistency cannot be enabled as no OAuth client ID and client secret have been configured.
[19580:28628:0129/143145.821:WARNING:frame_impl.cc(430)] virtual CefFrameImpl::SendProcessMessage sent to detached frame 5-166686A4D3733BA030C3F7B2031EF542 will be ignored
[7040:20720:0129/143146.579:WARNING:browser_info.cc(345)] Returning a speculative frame for [7,9]
[7040:7352:0129/143146.666:WARNING:browser_info.cc(345)] Returning a speculative frame for [8,5]
[7040:7352:0129/143146.666:WARNING:browser_info.cc(345)] Returning a speculative frame for [8,5]
[7040:7352:0129/143146.666:WARNING:browser_info.cc(345)] Returning a speculative frame for [8,5]
[7040:7352:0129/143146.666:WARNING:browser_info.cc(345)] Returning a speculative frame for [8,5]
[7040:20720:0129/143146.741:WARNING:browser_info.cc(345)] Returning a speculative frame for [8,5]
[7040:20720:0129/143153.662:ERROR:cast_crl.cc(443)] CRL - Verification failed.
[7040:20720:0129/143154.277:ERROR:cast_crl.cc(443)] CRL - Verification failed.
[7040:20720:0129/143203.563:ERROR:cast_crl.cc(443)] CRL - Verification failed.
[7040:20720:0129/143218.652:ERROR:cast_crl.cc(443)] CRL - Verification failed.
[7040:7352:0129/143356.878:ERROR:device_event_log_impl.cc(196)] [14:33:56.849] USB: usb_service_win.cc:105 SetupDiGetDeviceProperty({{A45C254E-DF1C-4EFD-8020-67D146A850E0}, 6}) failed: Element not found. (0x490)
[7040:7352:0129/143357.207:ERROR:device_event_log_impl.cc(196)] [14:33:56.898] USB: usb_service_win.cc:308 SetupDiEnumDeviceInterfaces: No more data is available. (0x103)
[19860:21672:0129/143401.208:WARNING:frame_impl.cc(430)] virtual CefFrameImpl::SendProcessMessage sent to detached frame 6-BEB2E4CB65F82BD025A7F260D5F1F14A will be ignored
[7040:20720:0129/143550.253:ERROR:cast_crl.cc(443)] CRL - Verification failed.
[7040:20720:0129/143550.685:ERROR:cast_crl.cc(443)] CRL - Verification failed.
[7040:20720:0129/143600.764:ERROR:cast_crl.cc(443)] CRL - Verification failed.
[7040:20720:0129/143616.027:ERROR:cast_crl.cc(443)] CRL - Verification failed.
[7040:20720:0129/144216.366:ERROR:cast_crl.cc(443)] CRL - Verification failed.
[7040:20720:0129/144216.436:ERROR:cast_crl.cc(443)] CRL - Verification failed.
[7040:20720:0129/144226.914:ERROR:cast_crl.cc(443)] CRL - Verification failed.
[7040:20720:0129/144240.424:ERROR:cast_crl.cc(443)] CRL - Verification failed.
[7040:7352:0129/151252.072:WARNING:page_discarding_helper.cc(138)] Discarding multiple pages with target (kb): 0
[7040:20720:0129/151951.026:ERROR:cast_crl.cc(443)] CRL - Verification failed.
[7040:20720:0129/151951.083:ERROR:cast_crl.cc(443)] CRL - Verification failed.
[7040:20720:0129/152002.598:ERROR:cast_crl.cc(443)] CRL - Verification failed.
[7040:20720:0129/152012.084:ERROR:cast_crl.cc(443)] CRL - Verification failed.
[7040:7352:0129/152135.241:WARNING:pref_notifier_impl.cc(41)] Pref observer for media_router.cast_allow_all_ips found at shutdown.
